<?xml version="1.0" encoding="UTF-8"?>
<testsuite xmlns:xsi="http://www.w3.org/2001/XMLSchema-instance" xsi:noNamespaceSchemaLocation="https://maven.apache.org/surefire/maven-surefire-plugin/xsd/surefire-test-report.xsd" name="com.aco.uploadfile.UploadFileApplicationTests" time="2.794" tests="1" errors="0" skipped="0" failures="0">
  <properties>
    <property name="java.specification.version" value="17"/>
    <property name="sun.cpu.isalist" value="amd64"/>
    <property name="sun.jnu.encoding" value="Cp1252"/>
    <property name="java.class.path" value="C:\Users\André Oliveira\Projetos\upload-file\upload-file\target\test-classes;C:\Users\André Oliveira\Projetos\upload-file\upload-file\target\classes;C:\Users\André Oliveira\.m2\repository\org\springframework\boot\spring-boot-starter-actuator\2.6.1\spring-boot-starter-actuator-2.6.1.jar;C:\Users\André Oliveira\.m2\repository\org\springframework\boot\spring-boot-starter\2.6.1\spring-boot-starter-2.6.1.jar;C:\Users\André Oliveira\.m2\repository\org\springframework\boot\spring-boot-starter-logging\2.6.1\spring-boot-starter-logging-2.6.1.jar;C:\Users\André Oliveira\.m2\repository\ch\qos\logback\logback-classic\1.2.7\logback-classic-1.2.7.jar;C:\Users\André Oliveira\.m2\repository\ch\qos\logback\logback-core\1.2.7\logback-core-1.2.7.jar;C:\Users\André Oliveira\.m2\repository\org\apache\logging\log4j\log4j-to-slf4j\2.14.1\log4j-to-slf4j-2.14.1.jar;C:\Users\André Oliveira\.m2\repository\org\apache\logging\log4j\log4j-api\2.14.1\log4j-api-2.14.1.jar;C:\Users\André Oliveira\.m2\repository\org\slf4j\jul-to-slf4j\1.7.32\jul-to-slf4j-1.7.32.jar;C:\Users\André Oliveira\.m2\repository\jakarta\annotation\jakarta.annotation-api\1.3.5\jakarta.annotation-api-1.3.5.jar;C:\Users\André Oliveira\.m2\repository\org\yaml\snakeyaml\1.29\snakeyaml-1.29.jar;C:\Users\André Oliveira\.m2\repository\org\springframework\boot\spring-boot-actuator-autoconfigure\2.6.1\spring-boot-actuator-autoconfigure-2.6.1.jar;C:\Users\André Oliveira\.m2\repository\org\springframework\boot\spring-boot-actuator\2.6.1\spring-boot-actuator-2.6.1.jar;C:\Users\André Oliveira\.m2\repository\com\fasterxml\jackson\core\jackson-databind\2.13.0\jackson-databind-2.13.0.jar;C:\Users\André Oliveira\.m2\repository\com\fasterxml\jackson\core\jackson-annotations\2.13.0\jackson-annotations-2.13.0.jar;C:\Users\André Oliveira\.m2\repository\com\fasterxml\jackson\core\jackson-core\2.13.0\jackson-core-2.13.0.jar;C:\Users\André Oliveira\.m2\repository\com\fasterxml\jackson\datatype\jackson-datatype-jsr310\2.13.0\jackson-datatype-jsr310-2.13.0.jar;C:\Users\André Oliveira\.m2\repository\io\micrometer\micrometer-core\1.8.0\micrometer-core-1.8.0.jar;C:\Users\André Oliveira\.m2\repository\org\hdrhistogram\HdrHistogram\2.1.12\HdrHistogram-2.1.12.jar;C:\Users\André Oliveira\.m2\repository\org\latencyutils\LatencyUtils\2.0.3\LatencyUtils-2.0.3.jar;C:\Users\André Oliveira\.m2\repository\org\springframework\boot\spring-boot-starter-web\2.6.1\spring-boot-starter-web-2.6.1.jar;C:\Users\André Oliveira\.m2\repository\org\springframework\boot\spring-boot-starter-json\2.6.1\spring-boot-starter-json-2.6.1.jar;C:\Users\André Oliveira\.m2\repository\com\fasterxml\jackson\datatype\jackson-datatype-jdk8\2.13.0\jackson-datatype-jdk8-2.13.0.jar;C:\Users\André Oliveira\.m2\repository\com\fasterxml\jackson\module\jackson-module-parameter-names\2.13.0\jackson-module-parameter-names-2.13.0.jar;C:\Users\André Oliveira\.m2\repository\org\springframework\boot\spring-boot-starter-tomcat\2.6.1\spring-boot-starter-tomcat-2.6.1.jar;C:\Users\André Oliveira\.m2\repository\org\apache\tomcat\embed\tomcat-embed-core\9.0.55\tomcat-embed-core-9.0.55.jar;C:\Users\André Oliveira\.m2\repository\org\apache\tomcat\embed\tomcat-embed-el\9.0.55\tomcat-embed-el-9.0.55.jar;C:\Users\André Oliveira\.m2\repository\org\apache\tomcat\embed\tomcat-embed-websocket\9.0.55\tomcat-embed-websocket-9.0.55.jar;C:\Users\André Oliveira\.m2\repository\org\springframework\spring-web\5.3.13\spring-web-5.3.13.jar;C:\Users\André Oliveira\.m2\repository\org\springframework\spring-beans\5.3.13\spring-beans-5.3.13.jar;C:\Users\André Oliveira\.m2\repository\org\springframework\spring-webmvc\5.3.13\spring-webmvc-5.3.13.jar;C:\Users\André Oliveira\.m2\repository\org\springframework\spring-aop\5.3.13\spring-aop-5.3.13.jar;C:\Users\André Oliveira\.m2\repository\org\springframework\spring-context\5.3.13\spring-context-5.3.13.jar;C:\Users\André Oliveira\.m2\repository\org\springframework\spring-expression\5.3.13\spring-expression-5.3.13.jar;C:\Users\André Oliveira\.m2\repository\org\springframework\boot\spring-boot-devtools\2.6.1\spring-boot-devtools-2.6.1.jar;C:\Users\André Oliveira\.m2\repository\org\springframework\boot\spring-boot\2.6.1\spring-boot-2.6.1.jar;C:\Users\André Oliveira\.m2\repository\org\springframework\boot\spring-boot-autoconfigure\2.6.1\spring-boot-autoconfigure-2.6.1.jar;C:\Users\André Oliveira\.m2\repository\org\springframework\boot\spring-boot-starter-test\2.6.1\spring-boot-starter-test-2.6.1.jar;C:\Users\André Oliveira\.m2\repository\org\springframework\boot\spring-boot-test\2.6.1\spring-boot-test-2.6.1.jar;C:\Users\André Oliveira\.m2\repository\org\springframework\boot\spring-boot-test-autoconfigure\2.6.1\spring-boot-test-autoconfigure-2.6.1.jar;C:\Users\André Oliveira\.m2\repository\com\jayway\jsonpath\json-path\2.6.0\json-path-2.6.0.jar;C:\Users\André Oliveira\.m2\repository\net\minidev\json-smart\2.4.7\json-smart-2.4.7.jar;C:\Users\André Oliveira\.m2\repository\net\minidev\accessors-smart\2.4.7\accessors-smart-2.4.7.jar;C:\Users\André Oliveira\.m2\repository\org\ow2\asm\asm\9.1\asm-9.1.jar;C:\Users\André Oliveira\.m2\repository\org\slf4j\slf4j-api\1.7.32\slf4j-api-1.7.32.jar;C:\Users\André Oliveira\.m2\repository\org\assertj\assertj-core\3.21.0\assertj-core-3.21.0.jar;C:\Users\André Oliveira\.m2\repository\org\hamcrest\hamcrest\2.2\hamcrest-2.2.jar;C:\Users\André Oliveira\.m2\repository\org\junit\jupiter\junit-jupiter\5.8.1\junit-jupiter-5.8.1.jar;C:\Users\André Oliveira\.m2\repository\org\junit\jupiter\junit-jupiter-api\5.8.1\junit-jupiter-api-5.8.1.jar;C:\Users\André Oliveira\.m2\repository\org\opentest4j\opentest4j\1.2.0\opentest4j-1.2.0.jar;C:\Users\André Oliveira\.m2\repository\org\junit\platform\junit-platform-commons\1.8.1\junit-platform-commons-1.8.1.jar;C:\Users\André Oliveira\.m2\repository\org\apiguardian\apiguardian-api\1.1.2\apiguardian-api-1.1.2.jar;C:\Users\André Oliveira\.m2\repository\org\junit\jupiter\junit-jupiter-params\5.8.1\junit-jupiter-params-5.8.1.jar;C:\Users\André Oliveira\.m2\repository\org\junit\jupiter\junit-jupiter-engine\5.8.1\junit-jupiter-engine-5.8.1.jar;C:\Users\André Oliveira\.m2\repository\org\junit\platform\junit-platform-engine\1.8.1\junit-platform-engine-1.8.1.jar;C:\Users\André Oliveira\.m2\repository\org\mockito\mockito-core\4.0.0\mockito-core-4.0.0.jar;C:\Users\André Oliveira\.m2\repository\net\bytebuddy\byte-buddy\1.11.22\byte-buddy-1.11.22.jar;C:\Users\André Oliveira\.m2\repository\net\bytebuddy\byte-buddy-agent\1.11.22\byte-buddy-agent-1.11.22.jar;C:\Users\André Oliveira\.m2\repository\org\objenesis\objenesis\3.2\objenesis-3.2.jar;C:\Users\André Oliveira\.m2\repository\org\mockito\mockito-junit-jupiter\4.0.0\mockito-junit-jupiter-4.0.0.jar;C:\Users\André Oliveira\.m2\repository\org\skyscreamer\jsonassert\1.5.0\jsonassert-1.5.0.jar;C:\Users\André Oliveira\.m2\repository\com\vaadin\external\google\android-json\0.0.20131108.vaadin1\android-json-0.0.20131108.vaadin1.jar;C:\Users\André Oliveira\.m2\repository\org\springframework\spring-core\5.3.13\spring-core-5.3.13.jar;C:\Users\André Oliveira\.m2\repository\org\springframework\spring-jcl\5.3.13\spring-jcl-5.3.13.jar;C:\Users\André Oliveira\.m2\repository\org\springframework\spring-test\5.3.13\spring-test-5.3.13.jar;C:\Users\André Oliveira\.m2\repository\org\xmlunit\xmlunit-core\2.8.3\xmlunit-core-2.8.3.jar;C:\Users\André Oliveira\.m2\repository\io\projectreactor\reactor-test\3.4.12\reactor-test-3.4.12.jar;C:\Users\André Oliveira\.m2\repository\io\projectreactor\reactor-core\3.4.12\reactor-core-3.4.12.jar;C:\Users\André Oliveira\.m2\repository\org\reactivestreams\reactive-streams\1.0.3\reactive-streams-1.0.3.jar;C:\Users\André Oliveira\.m2\repository\com\amazonaws\aws-java-sdk\1.11.163\aws-java-sdk-1.11.163.jar;C:\Users\André Oliveira\.m2\repository\com\amazonaws\aws-java-sdk-dax\1.11.163\aws-java-sdk-dax-1.11.163.jar;C:\Users\André Oliveira\.m2\repository\com\amazonaws\jmespath-java\1.11.163\jmespath-java-1.11.163.jar;C:\Users\André Oliveira\.m2\repository\com\amazonaws\aws-java-sdk-greengrass\1.11.163\aws-java-sdk-greengrass-1.11.163.jar;C:\Users\André Oliveira\.m2\repository\com\amazonaws\aws-java-sdk-athena\1.11.163\aws-java-sdk-athena-1.11.163.jar;C:\Users\André Oliveira\.m2\repository\com\amazonaws\aws-java-sdk-marketplaceentitlement\1.11.163\aws-java-sdk-marketplaceentitlement-1.11.163.jar;C:\Users\André Oliveira\.m2\repository\com\amazonaws\aws-java-sdk-codestar\1.11.163\aws-java-sdk-codestar-1.11.163.jar;C:\Users\André Oliveira\.m2\repository\com\amazonaws\aws-java-sdk-lexmodelbuilding\1.11.163\aws-java-sdk-lexmodelbuilding-1.11.163.jar;C:\Users\André Oliveira\.m2\repository\com\amazonaws\aws-java-sdk-resourcegroupstaggingapi\1.11.163\aws-java-sdk-resourcegroupstaggingapi-1.11.163.jar;C:\Users\André Oliveira\.m2\repository\com\amazonaws\aws-java-sdk-pinpoint\1.11.163\aws-java-sdk-pinpoint-1.11.163.jar;C:\Users\André Oliveira\.m2\repository\com\amazonaws\aws-java-sdk-xray\1.11.163\aws-java-sdk-xray-1.11.163.jar;C:\Users\André Oliveira\.m2\repository\com\amazonaws\aws-java-sdk-opsworkscm\1.11.163\aws-java-sdk-opsworkscm-1.11.163.jar;C:\Users\André Oliveira\.m2\repository\com\amazonaws\aws-java-sdk-support\1.11.163\aws-java-sdk-support-1.11.163.jar;C:\Users\André Oliveira\.m2\repository\com\amazonaws\aws-java-sdk-simpledb\1.11.163\aws-java-sdk-simpledb-1.11.163.jar;C:\Users\André Oliveira\.m2\repository\com\amazonaws\aws-java-sdk-servicecatalog\1.11.163\aws-java-sdk-servicecatalog-1.11.163.jar;C:\Users\André Oliveira\.m2\repository\com\amazonaws\aws-java-sdk-servermigration\1.11.163\aws-java-sdk-servermigration-1.11.163.jar;C:\Users\André Oliveira\.m2\repository\com\amazonaws\aws-java-sdk-simpleworkflow\1.11.163\aws-java-sdk-simpleworkflow-1.11.163.jar;C:\Users\André Oliveira\.m2\repository\com\amazonaws\aws-java-sdk-storagegateway\1.11.163\aws-java-sdk-storagegateway-1.11.163.jar;C:\Users\André Oliveira\.m2\repository\com\amazonaws\aws-java-sdk-route53\1.11.163\aws-java-sdk-route53-1.11.163.jar;C:\Users\André Oliveira\.m2\repository\com\amazonaws\aws-java-sdk-s3\1.11.163\aws-java-sdk-s3-1.11.163.jar;C:\Users\André Oliveira\.m2\repository\com\amazonaws\aws-java-sdk-importexport\1.11.163\aws-java-sdk-importexport-1.11.163.jar;C:\Users\André Oliveira\.m2\repository\com\amazonaws\aws-java-sdk-sts\1.11.163\aws-java-sdk-sts-1.11.163.jar;C:\Users\André Oliveira\.m2\repository\com\amazonaws\aws-java-sdk-sqs\1.11.163\aws-java-sdk-sqs-1.11.163.jar;C:\Users\André Oliveira\.m2\repository\com\amazonaws\aws-java-sdk-rds\1.11.163\aws-java-sdk-rds-1.11.163.jar;C:\Users\André Oliveira\.m2\repository\com\amazonaws\aws-java-sdk-redshift\1.11.163\aws-java-sdk-redshift-1.11.163.jar;C:\Users\André Oliveira\.m2\repository\com\amazonaws\aws-java-sdk-elasticbeanstalk\1.11.163\aws-java-sdk-elasticbeanstalk-1.11.163.jar;C:\Users\André Oliveira\.m2\repository\com\amazonaws\aws-java-sdk-glacier\1.11.163\aws-java-sdk-glacier-1.11.163.jar;C:\Users\André Oliveira\.m2\repository\com\amazonaws\aws-java-sdk-iam\1.11.163\aws-java-sdk-iam-1.11.163.jar;C:\Users\André Oliveira\.m2\repository\com\amazonaws\aws-java-sdk-datapipeline\1.11.163\aws-java-sdk-datapipeline-1.11.163.jar;C:\Users\André Oliveira\.m2\repository\com\amazonaws\aws-java-sdk-elasticloadbalancing\1.11.163\aws-java-sdk-elasticloadbalancing-1.11.163.jar;C:\Users\André Oliveira\.m2\repository\com\amazonaws\aws-java-sdk-elasticloadbalancingv2\1.11.163\aws-java-sdk-elasticloadbalancingv2-1.11.163.jar;C:\Users\André Oliveira\.m2\repository\com\amazonaws\aws-java-sdk-emr\1.11.163\aws-java-sdk-emr-1.11.163.jar;C:\Users\André Oliveira\.m2\repository\com\amazonaws\aws-java-sdk-elasticache\1.11.163\aws-java-sdk-elasticache-1.11.163.jar;C:\Users\André Oliveira\.m2\repository\com\amazonaws\aws-java-sdk-elastictranscoder\1.11.163\aws-java-sdk-elastictranscoder-1.11.163.jar;C:\Users\André Oliveira\.m2\repository\com\amazonaws\aws-java-sdk-ec2\1.11.163\aws-java-sdk-ec2-1.11.163.jar;C:\Users\André Oliveira\.m2\repository\com\amazonaws\aws-java-sdk-dynamodb\1.11.163\aws-java-sdk-dynamodb-1.11.163.jar;C:\Users\André Oliveira\.m2\repository\com\amazonaws\aws-java-sdk-sns\1.11.163\aws-java-sdk-sns-1.11.163.jar;C:\Users\André Oliveira\.m2\repository\com\amazonaws\aws-java-sdk-budgets\1.11.163\aws-java-sdk-budgets-1.11.163.jar;C:\Users\André Oliveira\.m2\repository\com\amazonaws\aws-java-sdk-cloudtrail\1.11.163\aws-java-sdk-cloudtrail-1.11.163.jar;C:\Users\André Oliveira\.m2\repository\com\amazonaws\aws-java-sdk-cloudwatch\1.11.163\aws-java-sdk-cloudwatch-1.11.163.jar;C:\Users\André Oliveira\.m2\repository\com\amazonaws\aws-java-sdk-logs\1.11.163\aws-java-sdk-logs-1.11.163.jar;C:\Users\André Oliveira\.m2\repository\com\amazonaws\aws-java-sdk-events\1.11.163\aws-java-sdk-events-1.11.163.jar;C:\Users\André Oliveira\.m2\repository\com\amazonaws\aws-java-sdk-cognitoidentity\1.11.163\aws-java-sdk-cognitoidentity-1.11.163.jar;C:\Users\André Oliveira\.m2\repository\com\amazonaws\aws-java-sdk-cognitosync\1.11.163\aws-java-sdk-cognitosync-1.11.163.jar;C:\Users\André Oliveira\.m2\repository\com\amazonaws\aws-java-sdk-directconnect\1.11.163\aws-java-sdk-directconnect-1.11.163.jar;C:\Users\André Oliveira\.m2\repository\com\amazonaws\aws-java-sdk-cloudformation\1.11.163\aws-java-sdk-cloudformation-1.11.163.jar;C:\Users\André Oliveira\.m2\repository\com\amazonaws\aws-java-sdk-cloudfront\1.11.163\aws-java-sdk-cloudfront-1.11.163.jar;C:\Users\André Oliveira\.m2\repository\com\amazonaws\aws-java-sdk-clouddirectory\1.11.163\aws-java-sdk-clouddirectory-1.11.163.jar;C:\Users\André Oliveira\.m2\repository\com\amazonaws\aws-java-sdk-kinesis\1.11.163\aws-java-sdk-kinesis-1.11.163.jar;C:\Users\André Oliveira\.m2\repository\com\amazonaws\aws-java-sdk-opsworks\1.11.163\aws-java-sdk-opsworks-1.11.163.jar;C:\Users\André Oliveira\.m2\repository\com\amazonaws\aws-java-sdk-ses\1.11.163\aws-java-sdk-ses-1.11.163.jar;C:\Users\André Oliveira\.m2\repository\com\amazonaws\aws-java-sdk-autoscaling\1.11.163\aws-java-sdk-autoscaling-1.11.163.jar;C:\Users\André Oliveira\.m2\repository\com\amazonaws\aws-java-sdk-cloudsearch\1.11.163\aws-java-sdk-cloudsearch-1.11.163.jar;C:\Users\André Oliveira\.m2\repository\com\amazonaws\aws-java-sdk-cloudwatchmetrics\1.11.163\aws-java-sdk-cloudwatchmetrics-1.11.163.jar;C:\Users\André Oliveira\.m2\repository\com\amazonaws\aws-java-sdk-codedeploy\1.11.163\aws-java-sdk-codedeploy-1.11.163.jar;C:\Users\André Oliveira\.m2\repository\com\amazonaws\aws-java-sdk-codepipeline\1.11.163\aws-java-sdk-codepipeline-1.11.163.jar;C:\Users\André Oliveira\.m2\repository\com\amazonaws\aws-java-sdk-kms\1.11.163\aws-java-sdk-kms-1.11.163.jar;C:\Users\André Oliveira\.m2\repository\com\amazonaws\aws-java-sdk-config\1.11.163\aws-java-sdk-config-1.11.163.jar;C:\Users\André Oliveira\.m2\repository\com\amazonaws\aws-java-sdk-lambda\1.11.163\aws-java-sdk-lambda-1.11.163.jar;C:\Users\André Oliveira\.m2\repository\com\amazonaws\aws-java-sdk-ecs\1.11.163\aws-java-sdk-ecs-1.11.163.jar;C:\Users\André Oliveira\.m2\repository\com\amazonaws\aws-java-sdk-ecr\1.11.163\aws-java-sdk-ecr-1.11.163.jar;C:\Users\André Oliveira\.m2\repository\com\amazonaws\aws-java-sdk-cloudhsm\1.11.163\aws-java-sdk-cloudhsm-1.11.163.jar;C:\Users\André Oliveira\.m2\repository\com\amazonaws\aws-java-sdk-ssm\1.11.163\aws-java-sdk-ssm-1.11.163.jar;C:\Users\André Oliveira\.m2\repository\com\amazonaws\aws-java-sdk-workspaces\1.11.163\aws-java-sdk-workspaces-1.11.163.jar;C:\Users\André Oliveira\.m2\repository\com\amazonaws\aws-java-sdk-machinelearning\1.11.163\aws-java-sdk-machinelearning-1.11.163.jar;C:\Users\André Oliveira\.m2\repository\com\amazonaws\aws-java-sdk-directory\1.11.163\aws-java-sdk-directory-1.11.163.jar;C:\Users\André Oliveira\.m2\repository\com\amazonaws\aws-java-sdk-efs\1.11.163\aws-java-sdk-efs-1.11.163.jar;C:\Users\André Oliveira\.m2\repository\com\amazonaws\aws-java-sdk-codecommit\1.11.163\aws-java-sdk-codecommit-1.11.163.jar;C:\Users\André Oliveira\.m2\repository\com\amazonaws\aws-java-sdk-devicefarm\1.11.163\aws-java-sdk-devicefarm-1.11.163.jar;C:\Users\André Oliveira\.m2\repository\com\amazonaws\aws-java-sdk-elasticsearch\1.11.163\aws-java-sdk-elasticsearch-1.11.163.jar;C:\Users\André Oliveira\.m2\repository\com\amazonaws\aws-java-sdk-waf\1.11.163\aws-java-sdk-waf-1.11.163.jar;C:\Users\André Oliveira\.m2\repository\com\amazonaws\aws-java-sdk-marketplacecommerceanalytics\1.11.163\aws-java-sdk-marketplacecommerceanalytics-1.11.163.jar;C:\Users\André Oliveira\.m2\repository\com\amazonaws\aws-java-sdk-inspector\1.11.163\aws-java-sdk-inspector-1.11.163.jar;C:\Users\André Oliveira\.m2\repository\com\amazonaws\aws-java-sdk-iot\1.11.163\aws-java-sdk-iot-1.11.163.jar;C:\Users\André Oliveira\.m2\repository\com\amazonaws\aws-java-sdk-api-gateway\1.11.163\aws-java-sdk-api-gateway-1.11.163.jar;C:\Users\André Oliveira\.m2\repository\com\amazonaws\aws-java-sdk-acm\1.11.163\aws-java-sdk-acm-1.11.163.jar;C:\Users\André Oliveira\.m2\repository\com\amazonaws\aws-java-sdk-gamelift\1.11.163\aws-java-sdk-gamelift-1.11.163.jar;C:\Users\André Oliveira\.m2\repository\com\amazonaws\aws-java-sdk-dms\1.11.163\aws-java-sdk-dms-1.11.163.jar;C:\Users\André Oliveira\.m2\repository\com\amazonaws\aws-java-sdk-marketplacemeteringservice\1.11.163\aws-java-sdk-marketplacemeteringservice-1.11.163.jar;C:\Users\André Oliveira\.m2\repository\com\amazonaws\aws-java-sdk-cognitoidp\1.11.163\aws-java-sdk-cognitoidp-1.11.163.jar;C:\Users\André Oliveira\.m2\repository\com\amazonaws\aws-java-sdk-discovery\1.11.163\aws-java-sdk-discovery-1.11.163.jar;C:\Users\André Oliveira\.m2\repository\com\amazonaws\aws-java-sdk-applicationautoscaling\1.11.163\aws-java-sdk-applicationautoscaling-1.11.163.jar;C:\Users\André Oliveira\.m2\repository\com\amazonaws\aws-java-sdk-snowball\1.11.163\aws-java-sdk-snowball-1.11.163.jar;C:\Users\André Oliveira\.m2\repository\com\amazonaws\aws-java-sdk-rekognition\1.11.163\aws-java-sdk-rekognition-1.11.163.jar;C:\Users\André Oliveira\.m2\repository\com\amazonaws\aws-java-sdk-polly\1.11.163\aws-java-sdk-polly-1.11.163.jar;C:\Users\André Oliveira\.m2\repository\com\amazonaws\aws-java-sdk-lightsail\1.11.163\aws-java-sdk-lightsail-1.11.163.jar;C:\Users\André Oliveira\.m2\repository\com\amazonaws\aws-java-sdk-stepfunctions\1.11.163\aws-java-sdk-stepfunctions-1.11.163.jar;C:\Users\André Oliveira\.m2\repository\com\amazonaws\aws-java-sdk-health\1.11.163\aws-java-sdk-health-1.11.163.jar;C:\Users\André Oliveira\.m2\repository\com\amazonaws\aws-java-sdk-costandusagereport\1.11.163\aws-java-sdk-costandusagereport-1.11.163.jar;C:\Users\André Oliveira\.m2\repository\com\amazonaws\aws-java-sdk-codebuild\1.11.163\aws-java-sdk-codebuild-1.11.163.jar;C:\Users\André Oliveira\.m2\repository\com\amazonaws\aws-java-sdk-appstream\1.11.163\aws-java-sdk-appstream-1.11.163.jar;C:\Users\André Oliveira\.m2\repository\com\amazonaws\aws-java-sdk-shield\1.11.163\aws-java-sdk-shield-1.11.163.jar;C:\Users\André Oliveira\.m2\repository\com\amazonaws\aws-java-sdk-batch\1.11.163\aws-java-sdk-batch-1.11.163.jar;C:\Users\André Oliveira\.m2\repository\com\amazonaws\aws-java-sdk-lex\1.11.163\aws-java-sdk-lex-1.11.163.jar;C:\Users\André Oliveira\.m2\repository\com\amazonaws\aws-java-sdk-mechanicalturkrequester\1.11.163\aws-java-sdk-mechanicalturkrequester-1.11.163.jar;C:\Users\André Oliveira\.m2\repository\com\amazonaws\aws-java-sdk-organizations\1.11.163\aws-java-sdk-organizations-1.11.163.jar;C:\Users\André Oliveira\.m2\repository\com\amazonaws\aws-java-sdk-workdocs\1.11.163\aws-java-sdk-workdocs-1.11.163.jar;C:\Users\André Oliveira\.m2\repository\com\amazonaws\aws-java-sdk-core\1.11.163\aws-java-sdk-core-1.11.163.jar;C:\Users\André Oliveira\.m2\repository\commons-logging\commons-logging\1.1.3\commons-logging-1.1.3.jar;C:\Users\André Oliveira\.m2\repository\org\apache\httpcomponents\httpclient\4.5.13\httpclient-4.5.13.jar;C:\Users\André Oliveira\.m2\repository\org\apache\httpcomponents\httpcore\4.4.14\httpcore-4.4.14.jar;C:\Users\André Oliveira\.m2\repository\commons-codec\commons-codec\1.15\commons-codec-1.15.jar;C:\Users\André Oliveira\.m2\repository\software\amazon\ion\ion-java\1.0.2\ion-java-1.0.2.jar;C:\Users\André Oliveira\.m2\repository\com\fasterxml\jackson\dataformat\jackson-dataformat-cbor\2.13.0\jackson-dataformat-cbor-2.13.0.jar;C:\Users\André Oliveira\.m2\repository\joda-time\joda-time\2.8.1\joda-time-2.8.1.jar;C:\Users\André Oliveira\.m2\repository\com\amazonaws\aws-java-sdk-models\1.11.163\aws-java-sdk-models-1.11.163.jar;C:\Users\André Oliveira\.m2\repository\com\amazonaws\aws-java-sdk-swf-libraries\1.11.22\aws-java-sdk-swf-libraries-1.11.22.jar;C:\Users\André Oliveira\.m2\repository\commons-io\commons-io\2.2\commons-io-2.2.jar;C:\Users\André Oliveira\.m2\repository\jakarta\xml\bind\jakarta.xml.bind-api\2.3.2\jakarta.xml.bind-api-2.3.2.jar;C:\Users\André Oliveira\.m2\repository\jakarta\activation\jakarta.activation-api\1.2.2\jakarta.activation-api-1.2.2.jar;C:\Users\André Oliveira\.m2\repository\org\glassfish\jaxb\jaxb-runtime\2.3.2\jaxb-runtime-2.3.2.jar;C:\Users\André Oliveira\.m2\repository\org\glassfish\jaxb\txw2\2.3.5\txw2-2.3.5.jar;C:\Users\André Oliveira\.m2\repository\com\sun\istack\istack-commons-runtime\3.0.8\istack-commons-runtime-3.0.8.jar;C:\Users\André Oliveira\.m2\repository\org\jvnet\staxex\stax-ex\1.8.1\stax-ex-1.8.1.jar;C:\Users\André Oliveira\.m2\repository\com\sun\xml\fastinfoset\FastInfoset\1.2.16\FastInfoset-1.2.16.jar;"/>
    <property name="java.vm.vendor" value="Oracle Corporation"/>
    <property name="sun.arch.data.model" value="64"/>
    <property name="user.variant" value=""/>
    <property name="java.vendor.url" value="https://java.oracle.com/"/>
    <property name="user.timezone" value="America/Sao_Paulo"/>
    <property name="os.name" value="Windows 10"/>
    <property name="java.vm.specification.version" value="17"/>
    <property name="sun.java.launcher" value="SUN_STANDARD"/>
    <property name="user.country" value="BR"/>
    <property name="sun.boot.library.path" value="C:\Program Files\Java\jdk-17\bin"/>
    <property name="sun.java.command" value="C:\Users\ANDROL~1\AppData\Local\Temp\surefire9315490771718047485\surefirebooter7013688926824571820.jar C:\Users\André Oliveira\AppData\Local\Temp\surefire9315490771718047485 2021-12-05T21-29-15_856-jvmRun1 surefire10809431017732646681tmp surefire_09693629934724177013tmp"/>
    <property name="jdk.debug" value="release"/>
    <property name="surefire.test.class.path" value="C:\Users\André Oliveira\Projetos\upload-file\upload-file\target\test-classes;C:\Users\André Oliveira\Projetos\upload-file\upload-file\target\classes;C:\Users\André Oliveira\.m2\repository\org\springframework\boot\spring-boot-starter-actuator\2.6.1\spring-boot-starter-actuator-2.6.1.jar;C:\Users\André Oliveira\.m2\repository\org\springframework\boot\spring-boot-starter\2.6.1\spring-boot-starter-2.6.1.jar;C:\Users\André Oliveira\.m2\repository\org\springframework\boot\spring-boot-starter-logging\2.6.1\spring-boot-starter-logging-2.6.1.jar;C:\Users\André Oliveira\.m2\repository\ch\qos\logback\logback-classic\1.2.7\logback-classic-1.2.7.jar;C:\Users\André Oliveira\.m2\repository\ch\qos\logback\logback-core\1.2.7\logback-core-1.2.7.jar;C:\Users\André Oliveira\.m2\repository\org\apache\logging\log4j\log4j-to-slf4j\2.14.1\log4j-to-slf4j-2.14.1.jar;C:\Users\André Oliveira\.m2\repository\org\apache\logging\log4j\log4j-api\2.14.1\log4j-api-2.14.1.jar;C:\Users\André Oliveira\.m2\repository\org\slf4j\jul-to-slf4j\1.7.32\jul-to-slf4j-1.7.32.jar;C:\Users\André Oliveira\.m2\repository\jakarta\annotation\jakarta.annotation-api\1.3.5\jakarta.annotation-api-1.3.5.jar;C:\Users\André Oliveira\.m2\repository\org\yaml\snakeyaml\1.29\snakeyaml-1.29.jar;C:\Users\André Oliveira\.m2\repository\org\springframework\boot\spring-boot-actuator-autoconfigure\2.6.1\spring-boot-actuator-autoconfigure-2.6.1.jar;C:\Users\André Oliveira\.m2\repository\org\springframework\boot\spring-boot-actuator\2.6.1\spring-boot-actuator-2.6.1.jar;C:\Users\André Oliveira\.m2\repository\com\fasterxml\jackson\core\jackson-databind\2.13.0\jackson-databind-2.13.0.jar;C:\Users\André Oliveira\.m2\repository\com\fasterxml\jackson\core\jackson-annotations\2.13.0\jackson-annotations-2.13.0.jar;C:\Users\André Oliveira\.m2\repository\com\fasterxml\jackson\core\jackson-core\2.13.0\jackson-core-2.13.0.jar;C:\Users\André Oliveira\.m2\repository\com\fasterxml\jackson\datatype\jackson-datatype-jsr310\2.13.0\jackson-datatype-jsr310-2.13.0.jar;C:\Users\André Oliveira\.m2\repository\io\micrometer\micrometer-core\1.8.0\micrometer-core-1.8.0.jar;C:\Users\André Oliveira\.m2\repository\org\hdrhistogram\HdrHistogram\2.1.12\HdrHistogram-2.1.12.jar;C:\Users\André Oliveira\.m2\repository\org\latencyutils\LatencyUtils\2.0.3\LatencyUtils-2.0.3.jar;C:\Users\André Oliveira\.m2\repository\org\springframework\boot\spring-boot-starter-web\2.6.1\spring-boot-starter-web-2.6.1.jar;C:\Users\André Oliveira\.m2\repository\org\springframework\boot\spring-boot-starter-json\2.6.1\spring-boot-starter-json-2.6.1.jar;C:\Users\André Oliveira\.m2\repository\com\fasterxml\jackson\datatype\jackson-datatype-jdk8\2.13.0\jackson-datatype-jdk8-2.13.0.jar;C:\Users\André Oliveira\.m2\repository\com\fasterxml\jackson\module\jackson-module-parameter-names\2.13.0\jackson-module-parameter-names-2.13.0.jar;C:\Users\André Oliveira\.m2\repository\org\springframework\boot\spring-boot-starter-tomcat\2.6.1\spring-boot-starter-tomcat-2.6.1.jar;C:\Users\André Oliveira\.m2\repository\org\apache\tomcat\embed\tomcat-embed-core\9.0.55\tomcat-embed-core-9.0.55.jar;C:\Users\André Oliveira\.m2\repository\org\apache\tomcat\embed\tomcat-embed-el\9.0.55\tomcat-embed-el-9.0.55.jar;C:\Users\André Oliveira\.m2\repository\org\apache\tomcat\embed\tomcat-embed-websocket\9.0.55\tomcat-embed-websocket-9.0.55.jar;C:\Users\André Oliveira\.m2\repository\org\springframework\spring-web\5.3.13\spring-web-5.3.13.jar;C:\Users\André Oliveira\.m2\repository\org\springframework\spring-beans\5.3.13\spring-beans-5.3.13.jar;C:\Users\André Oliveira\.m2\repository\org\springframework\spring-webmvc\5.3.13\spring-webmvc-5.3.13.jar;C:\Users\André Oliveira\.m2\repository\org\springframework\spring-aop\5.3.13\spring-aop-5.3.13.jar;C:\Users\André Oliveira\.m2\repository\org\springframework\spring-context\5.3.13\spring-context-5.3.13.jar;C:\Users\André Oliveira\.m2\repository\org\springframework\spring-expression\5.3.13\spring-expression-5.3.13.jar;C:\Users\André Oliveira\.m2\repository\org\springframework\boot\spring-boot-devtools\2.6.1\spring-boot-devtools-2.6.1.jar;C:\Users\André Oliveira\.m2\repository\org\springframework\boot\spring-boot\2.6.1\spring-boot-2.6.1.jar;C:\Users\André Oliveira\.m2\repository\org\springframework\boot\spring-boot-autoconfigure\2.6.1\spring-boot-autoconfigure-2.6.1.jar;C:\Users\André Oliveira\.m2\repository\org\springframework\boot\spring-boot-starter-test\2.6.1\spring-boot-starter-test-2.6.1.jar;C:\Users\André Oliveira\.m2\repository\org\springframework\boot\spring-boot-test\2.6.1\spring-boot-test-2.6.1.jar;C:\Users\André Oliveira\.m2\repository\org\springframework\boot\spring-boot-test-autoconfigure\2.6.1\spring-boot-test-autoconfigure-2.6.1.jar;C:\Users\André Oliveira\.m2\repository\com\jayway\jsonpath\json-path\2.6.0\json-path-2.6.0.jar;C:\Users\André Oliveira\.m2\repository\net\minidev\json-smart\2.4.7\json-smart-2.4.7.jar;C:\Users\André Oliveira\.m2\repository\net\minidev\accessors-smart\2.4.7\accessors-smart-2.4.7.jar;C:\Users\André Oliveira\.m2\repository\org\ow2\asm\asm\9.1\asm-9.1.jar;C:\Users\André Oliveira\.m2\repository\org\slf4j\slf4j-api\1.7.32\slf4j-api-1.7.32.jar;C:\Users\André Oliveira\.m2\repository\org\assertj\assertj-core\3.21.0\assertj-core-3.21.0.jar;C:\Users\André Oliveira\.m2\repository\org\hamcrest\hamcrest\2.2\hamcrest-2.2.jar;C:\Users\André Oliveira\.m2\repository\org\junit\jupiter\junit-jupiter\5.8.1\junit-jupiter-5.8.1.jar;C:\Users\André Oliveira\.m2\repository\org\junit\jupiter\junit-jupiter-api\5.8.1\junit-jupiter-api-5.8.1.jar;C:\Users\André Oliveira\.m2\repository\org\opentest4j\opentest4j\1.2.0\opentest4j-1.2.0.jar;C:\Users\André Oliveira\.m2\repository\org\junit\platform\junit-platform-commons\1.8.1\junit-platform-commons-1.8.1.jar;C:\Users\André Oliveira\.m2\repository\org\apiguardian\apiguardian-api\1.1.2\apiguardian-api-1.1.2.jar;C:\Users\André Oliveira\.m2\repository\org\junit\jupiter\junit-jupiter-params\5.8.1\junit-jupiter-params-5.8.1.jar;C:\Users\André Oliveira\.m2\repository\org\junit\jupiter\junit-jupiter-engine\5.8.1\junit-jupiter-engine-5.8.1.jar;C:\Users\André Oliveira\.m2\repository\org\junit\platform\junit-platform-engine\1.8.1\junit-platform-engine-1.8.1.jar;C:\Users\André Oliveira\.m2\repository\org\mockito\mockito-core\4.0.0\mockito-core-4.0.0.jar;C:\Users\André Oliveira\.m2\repository\net\bytebuddy\byte-buddy\1.11.22\byte-buddy-1.11.22.jar;C:\Users\André Oliveira\.m2\repository\net\bytebuddy\byte-buddy-agent\1.11.22\byte-buddy-agent-1.11.22.jar;C:\Users\André Oliveira\.m2\repository\org\objenesis\objenesis\3.2\objenesis-3.2.jar;C:\Users\André Oliveira\.m2\repository\org\mockito\mockito-junit-jupiter\4.0.0\mockito-junit-jupiter-4.0.0.jar;C:\Users\André Oliveira\.m2\repository\org\skyscreamer\jsonassert\1.5.0\jsonassert-1.5.0.jar;C:\Users\André Oliveira\.m2\repository\com\vaadin\external\google\android-json\0.0.20131108.vaadin1\android-json-0.0.20131108.vaadin1.jar;C:\Users\André Oliveira\.m2\repository\org\springframework\spring-core\5.3.13\spring-core-5.3.13.jar;C:\Users\André Oliveira\.m2\repository\org\springframework\spring-jcl\5.3.13\spring-jcl-5.3.13.jar;C:\Users\André Oliveira\.m2\repository\org\springframework\spring-test\5.3.13\spring-test-5.3.13.jar;C:\Users\André Oliveira\.m2\repository\org\xmlunit\xmlunit-core\2.8.3\xmlunit-core-2.8.3.jar;C:\Users\André Oliveira\.m2\repository\io\projectreactor\reactor-test\3.4.12\reactor-test-3.4.12.jar;C:\Users\André Oliveira\.m2\repository\io\projectreactor\reactor-core\3.4.12\reactor-core-3.4.12.jar;C:\Users\André Oliveira\.m2\repository\org\reactivestreams\reactive-streams\1.0.3\reactive-streams-1.0.3.jar;C:\Users\André Oliveira\.m2\repository\com\amazonaws\aws-java-sdk\1.11.163\aws-java-sdk-1.11.163.jar;C:\Users\André Oliveira\.m2\repository\com\amazonaws\aws-java-sdk-dax\1.11.163\aws-java-sdk-dax-1.11.163.jar;C:\Users\André Oliveira\.m2\repository\com\amazonaws\jmespath-java\1.11.163\jmespath-java-1.11.163.jar;C:\Users\André Oliveira\.m2\repository\com\amazonaws\aws-java-sdk-greengrass\1.11.163\aws-java-sdk-greengrass-1.11.163.jar;C:\Users\André Oliveira\.m2\repository\com\amazonaws\aws-java-sdk-athena\1.11.163\aws-java-sdk-athena-1.11.163.jar;C:\Users\André Oliveira\.m2\repository\com\amazonaws\aws-java-sdk-marketplaceentitlement\1.11.163\aws-java-sdk-marketplaceentitlement-1.11.163.jar;C:\Users\André Oliveira\.m2\repository\com\amazonaws\aws-java-sdk-codestar\1.11.163\aws-java-sdk-codestar-1.11.163.jar;C:\Users\André Oliveira\.m2\repository\com\amazonaws\aws-java-sdk-lexmodelbuilding\1.11.163\aws-java-sdk-lexmodelbuilding-1.11.163.jar;C:\Users\André Oliveira\.m2\repository\com\amazonaws\aws-java-sdk-resourcegroupstaggingapi\1.11.163\aws-java-sdk-resourcegroupstaggingapi-1.11.163.jar;C:\Users\André Oliveira\.m2\repository\com\amazonaws\aws-java-sdk-pinpoint\1.11.163\aws-java-sdk-pinpoint-1.11.163.jar;C:\Users\André Oliveira\.m2\repository\com\amazonaws\aws-java-sdk-xray\1.11.163\aws-java-sdk-xray-1.11.163.jar;C:\Users\André Oliveira\.m2\repository\com\amazonaws\aws-java-sdk-opsworkscm\1.11.163\aws-java-sdk-opsworkscm-1.11.163.jar;C:\Users\André Oliveira\.m2\repository\com\amazonaws\aws-java-sdk-support\1.11.163\aws-java-sdk-support-1.11.163.jar;C:\Users\André Oliveira\.m2\repository\com\amazonaws\aws-java-sdk-simpledb\1.11.163\aws-java-sdk-simpledb-1.11.163.jar;C:\Users\André Oliveira\.m2\repository\com\amazonaws\aws-java-sdk-servicecatalog\1.11.163\aws-java-sdk-servicecatalog-1.11.163.jar;C:\Users\André Oliveira\.m2\repository\com\amazonaws\aws-java-sdk-servermigration\1.11.163\aws-java-sdk-servermigration-1.11.163.jar;C:\Users\André Oliveira\.m2\repository\com\amazonaws\aws-java-sdk-simpleworkflow\1.11.163\aws-java-sdk-simpleworkflow-1.11.163.jar;C:\Users\André Oliveira\.m2\repository\com\amazonaws\aws-java-sdk-storagegateway\1.11.163\aws-java-sdk-storagegateway-1.11.163.jar;C:\Users\André Oliveira\.m2\repository\com\amazonaws\aws-java-sdk-route53\1.11.163\aws-java-sdk-route53-1.11.163.jar;C:\Users\André Oliveira\.m2\repository\com\amazonaws\aws-java-sdk-s3\1.11.163\aws-java-sdk-s3-1.11.163.jar;C:\Users\André Oliveira\.m2\repository\com\amazonaws\aws-java-sdk-importexport\1.11.163\aws-java-sdk-importexport-1.11.163.jar;C:\Users\André Oliveira\.m2\repository\com\amazonaws\aws-java-sdk-sts\1.11.163\aws-java-sdk-sts-1.11.163.jar;C:\Users\André Oliveira\.m2\repository\com\amazonaws\aws-java-sdk-sqs\1.11.163\aws-java-sdk-sqs-1.11.163.jar;C:\Users\André Oliveira\.m2\repository\com\amazonaws\aws-java-sdk-rds\1.11.163\aws-java-sdk-rds-1.11.163.jar;C:\Users\André Oliveira\.m2\repository\com\amazonaws\aws-java-sdk-redshift\1.11.163\aws-java-sdk-redshift-1.11.163.jar;C:\Users\André Oliveira\.m2\repository\com\amazonaws\aws-java-sdk-elasticbeanstalk\1.11.163\aws-java-sdk-elasticbeanstalk-1.11.163.jar;C:\Users\André Oliveira\.m2\repository\com\amazonaws\aws-java-sdk-glacier\1.11.163\aws-java-sdk-glacier-1.11.163.jar;C:\Users\André Oliveira\.m2\repository\com\amazonaws\aws-java-sdk-iam\1.11.163\aws-java-sdk-iam-1.11.163.jar;C:\Users\André Oliveira\.m2\repository\com\amazonaws\aws-java-sdk-datapipeline\1.11.163\aws-java-sdk-datapipeline-1.11.163.jar;C:\Users\André Oliveira\.m2\repository\com\amazonaws\aws-java-sdk-elasticloadbalancing\1.11.163\aws-java-sdk-elasticloadbalancing-1.11.163.jar;C:\Users\André Oliveira\.m2\repository\com\amazonaws\aws-java-sdk-elasticloadbalancingv2\1.11.163\aws-java-sdk-elasticloadbalancingv2-1.11.163.jar;C:\Users\André Oliveira\.m2\repository\com\amazonaws\aws-java-sdk-emr\1.11.163\aws-java-sdk-emr-1.11.163.jar;C:\Users\André Oliveira\.m2\repository\com\amazonaws\aws-java-sdk-elasticache\1.11.163\aws-java-sdk-elasticache-1.11.163.jar;C:\Users\André Oliveira\.m2\repository\com\amazonaws\aws-java-sdk-elastictranscoder\1.11.163\aws-java-sdk-elastictranscoder-1.11.163.jar;C:\Users\André Oliveira\.m2\repository\com\amazonaws\aws-java-sdk-ec2\1.11.163\aws-java-sdk-ec2-1.11.163.jar;C:\Users\André Oliveira\.m2\repository\com\amazonaws\aws-java-sdk-dynamodb\1.11.163\aws-java-sdk-dynamodb-1.11.163.jar;C:\Users\André Oliveira\.m2\repository\com\amazonaws\aws-java-sdk-sns\1.11.163\aws-java-sdk-sns-1.11.163.jar;C:\Users\André Oliveira\.m2\repository\com\amazonaws\aws-java-sdk-budgets\1.11.163\aws-java-sdk-budgets-1.11.163.jar;C:\Users\André Oliveira\.m2\repository\com\amazonaws\aws-java-sdk-cloudtrail\1.11.163\aws-java-sdk-cloudtrail-1.11.163.jar;C:\Users\André Oliveira\.m2\repository\com\amazonaws\aws-java-sdk-cloudwatch\1.11.163\aws-java-sdk-cloudwatch-1.11.163.jar;C:\Users\André Oliveira\.m2\repository\com\amazonaws\aws-java-sdk-logs\1.11.163\aws-java-sdk-logs-1.11.163.jar;C:\Users\André Oliveira\.m2\repository\com\amazonaws\aws-java-sdk-events\1.11.163\aws-java-sdk-events-1.11.163.jar;C:\Users\André Oliveira\.m2\repository\com\amazonaws\aws-java-sdk-cognitoidentity\1.11.163\aws-java-sdk-cognitoidentity-1.11.163.jar;C:\Users\André Oliveira\.m2\repository\com\amazonaws\aws-java-sdk-cognitosync\1.11.163\aws-java-sdk-cognitosync-1.11.163.jar;C:\Users\André Oliveira\.m2\repository\com\amazonaws\aws-java-sdk-directconnect\1.11.163\aws-java-sdk-directconnect-1.11.163.jar;C:\Users\André Oliveira\.m2\repository\com\amazonaws\aws-java-sdk-cloudformation\1.11.163\aws-java-sdk-cloudformation-1.11.163.jar;C:\Users\André Oliveira\.m2\repository\com\amazonaws\aws-java-sdk-cloudfront\1.11.163\aws-java-sdk-cloudfront-1.11.163.jar;C:\Users\André Oliveira\.m2\repository\com\amazonaws\aws-java-sdk-clouddirectory\1.11.163\aws-java-sdk-clouddirectory-1.11.163.jar;C:\Users\André Oliveira\.m2\repository\com\amazonaws\aws-java-sdk-kinesis\1.11.163\aws-java-sdk-kinesis-1.11.163.jar;C:\Users\André Oliveira\.m2\repository\com\amazonaws\aws-java-sdk-opsworks\1.11.163\aws-java-sdk-opsworks-1.11.163.jar;C:\Users\André Oliveira\.m2\repository\com\amazonaws\aws-java-sdk-ses\1.11.163\aws-java-sdk-ses-1.11.163.jar;C:\Users\André Oliveira\.m2\repository\com\amazonaws\aws-java-sdk-autoscaling\1.11.163\aws-java-sdk-autoscaling-1.11.163.jar;C:\Users\André Oliveira\.m2\repository\com\amazonaws\aws-java-sdk-cloudsearch\1.11.163\aws-java-sdk-cloudsearch-1.11.163.jar;C:\Users\André Oliveira\.m2\repository\com\amazonaws\aws-java-sdk-cloudwatchmetrics\1.11.163\aws-java-sdk-cloudwatchmetrics-1.11.163.jar;C:\Users\André Oliveira\.m2\repository\com\amazonaws\aws-java-sdk-codedeploy\1.11.163\aws-java-sdk-codedeploy-1.11.163.jar;C:\Users\André Oliveira\.m2\repository\com\amazonaws\aws-java-sdk-codepipeline\1.11.163\aws-java-sdk-codepipeline-1.11.163.jar;C:\Users\André Oliveira\.m2\repository\com\amazonaws\aws-java-sdk-kms\1.11.163\aws-java-sdk-kms-1.11.163.jar;C:\Users\André Oliveira\.m2\repository\com\amazonaws\aws-java-sdk-config\1.11.163\aws-java-sdk-config-1.11.163.jar;C:\Users\André Oliveira\.m2\repository\com\amazonaws\aws-java-sdk-lambda\1.11.163\aws-java-sdk-lambda-1.11.163.jar;C:\Users\André Oliveira\.m2\repository\com\amazonaws\aws-java-sdk-ecs\1.11.163\aws-java-sdk-ecs-1.11.163.jar;C:\Users\André Oliveira\.m2\repository\com\amazonaws\aws-java-sdk-ecr\1.11.163\aws-java-sdk-ecr-1.11.163.jar;C:\Users\André Oliveira\.m2\repository\com\amazonaws\aws-java-sdk-cloudhsm\1.11.163\aws-java-sdk-cloudhsm-1.11.163.jar;C:\Users\André Oliveira\.m2\repository\com\amazonaws\aws-java-sdk-ssm\1.11.163\aws-java-sdk-ssm-1.11.163.jar;C:\Users\André Oliveira\.m2\repository\com\amazonaws\aws-java-sdk-workspaces\1.11.163\aws-java-sdk-workspaces-1.11.163.jar;C:\Users\André Oliveira\.m2\repository\com\amazonaws\aws-java-sdk-machinelearning\1.11.163\aws-java-sdk-machinelearning-1.11.163.jar;C:\Users\André Oliveira\.m2\repository\com\amazonaws\aws-java-sdk-directory\1.11.163\aws-java-sdk-directory-1.11.163.jar;C:\Users\André Oliveira\.m2\repository\com\amazonaws\aws-java-sdk-efs\1.11.163\aws-java-sdk-efs-1.11.163.jar;C:\Users\André Oliveira\.m2\repository\com\amazonaws\aws-java-sdk-codecommit\1.11.163\aws-java-sdk-codecommit-1.11.163.jar;C:\Users\André Oliveira\.m2\repository\com\amazonaws\aws-java-sdk-devicefarm\1.11.163\aws-java-sdk-devicefarm-1.11.163.jar;C:\Users\André Oliveira\.m2\repository\com\amazonaws\aws-java-sdk-elasticsearch\1.11.163\aws-java-sdk-elasticsearch-1.11.163.jar;C:\Users\André Oliveira\.m2\repository\com\amazonaws\aws-java-sdk-waf\1.11.163\aws-java-sdk-waf-1.11.163.jar;C:\Users\André Oliveira\.m2\repository\com\amazonaws\aws-java-sdk-marketplacecommerceanalytics\1.11.163\aws-java-sdk-marketplacecommerceanalytics-1.11.163.jar;C:\Users\André Oliveira\.m2\repository\com\amazonaws\aws-java-sdk-inspector\1.11.163\aws-java-sdk-inspector-1.11.163.jar;C:\Users\André Oliveira\.m2\repository\com\amazonaws\aws-java-sdk-iot\1.11.163\aws-java-sdk-iot-1.11.163.jar;C:\Users\André Oliveira\.m2\repository\com\amazonaws\aws-java-sdk-api-gateway\1.11.163\aws-java-sdk-api-gateway-1.11.163.jar;C:\Users\André Oliveira\.m2\repository\com\amazonaws\aws-java-sdk-acm\1.11.163\aws-java-sdk-acm-1.11.163.jar;C:\Users\André Oliveira\.m2\repository\com\amazonaws\aws-java-sdk-gamelift\1.11.163\aws-java-sdk-gamelift-1.11.163.jar;C:\Users\André Oliveira\.m2\repository\com\amazonaws\aws-java-sdk-dms\1.11.163\aws-java-sdk-dms-1.11.163.jar;C:\Users\André Oliveira\.m2\repository\com\amazonaws\aws-java-sdk-marketplacemeteringservice\1.11.163\aws-java-sdk-marketplacemeteringservice-1.11.163.jar;C:\Users\André Oliveira\.m2\repository\com\amazonaws\aws-java-sdk-cognitoidp\1.11.163\aws-java-sdk-cognitoidp-1.11.163.jar;C:\Users\André Oliveira\.m2\repository\com\amazonaws\aws-java-sdk-discovery\1.11.163\aws-java-sdk-discovery-1.11.163.jar;C:\Users\André Oliveira\.m2\repository\com\amazonaws\aws-java-sdk-applicationautoscaling\1.11.163\aws-java-sdk-applicationautoscaling-1.11.163.jar;C:\Users\André Oliveira\.m2\repository\com\amazonaws\aws-java-sdk-snowball\1.11.163\aws-java-sdk-snowball-1.11.163.jar;C:\Users\André Oliveira\.m2\repository\com\amazonaws\aws-java-sdk-rekognition\1.11.163\aws-java-sdk-rekognition-1.11.163.jar;C:\Users\André Oliveira\.m2\repository\com\amazonaws\aws-java-sdk-polly\1.11.163\aws-java-sdk-polly-1.11.163.jar;C:\Users\André Oliveira\.m2\repository\com\amazonaws\aws-java-sdk-lightsail\1.11.163\aws-java-sdk-lightsail-1.11.163.jar;C:\Users\André Oliveira\.m2\repository\com\amazonaws\aws-java-sdk-stepfunctions\1.11.163\aws-java-sdk-stepfunctions-1.11.163.jar;C:\Users\André Oliveira\.m2\repository\com\amazonaws\aws-java-sdk-health\1.11.163\aws-java-sdk-health-1.11.163.jar;C:\Users\André Oliveira\.m2\repository\com\amazonaws\aws-java-sdk-costandusagereport\1.11.163\aws-java-sdk-costandusagereport-1.11.163.jar;C:\Users\André Oliveira\.m2\repository\com\amazonaws\aws-java-sdk-codebuild\1.11.163\aws-java-sdk-codebuild-1.11.163.jar;C:\Users\André Oliveira\.m2\repository\com\amazonaws\aws-java-sdk-appstream\1.11.163\aws-java-sdk-appstream-1.11.163.jar;C:\Users\André Oliveira\.m2\repository\com\amazonaws\aws-java-sdk-shield\1.11.163\aws-java-sdk-shield-1.11.163.jar;C:\Users\André Oliveira\.m2\repository\com\amazonaws\aws-java-sdk-batch\1.11.163\aws-java-sdk-batch-1.11.163.jar;C:\Users\André Oliveira\.m2\repository\com\amazonaws\aws-java-sdk-lex\1.11.163\aws-java-sdk-lex-1.11.163.jar;C:\Users\André Oliveira\.m2\repository\com\amazonaws\aws-java-sdk-mechanicalturkrequester\1.11.163\aws-java-sdk-mechanicalturkrequester-1.11.163.jar;C:\Users\André Oliveira\.m2\repository\com\amazonaws\aws-java-sdk-organizations\1.11.163\aws-java-sdk-organizations-1.11.163.jar;C:\Users\André Oliveira\.m2\repository\com\amazonaws\aws-java-sdk-workdocs\1.11.163\aws-java-sdk-workdocs-1.11.163.jar;C:\Users\André Oliveira\.m2\repository\com\amazonaws\aws-java-sdk-core\1.11.163\aws-java-sdk-core-1.11.163.jar;C:\Users\André Oliveira\.m2\repository\commons-logging\commons-logging\1.1.3\commons-logging-1.1.3.jar;C:\Users\André Oliveira\.m2\repository\org\apache\httpcomponents\httpclient\4.5.13\httpclient-4.5.13.jar;C:\Users\André Oliveira\.m2\repository\org\apache\httpcomponents\httpcore\4.4.14\httpcore-4.4.14.jar;C:\Users\André Oliveira\.m2\repository\commons-codec\commons-codec\1.15\commons-codec-1.15.jar;C:\Users\André Oliveira\.m2\repository\software\amazon\ion\ion-java\1.0.2\ion-java-1.0.2.jar;C:\Users\André Oliveira\.m2\repository\com\fasterxml\jackson\dataformat\jackson-dataformat-cbor\2.13.0\jackson-dataformat-cbor-2.13.0.jar;C:\Users\André Oliveira\.m2\repository\joda-time\joda-time\2.8.1\joda-time-2.8.1.jar;C:\Users\André Oliveira\.m2\repository\com\amazonaws\aws-java-sdk-models\1.11.163\aws-java-sdk-models-1.11.163.jar;C:\Users\André Oliveira\.m2\repository\com\amazonaws\aws-java-sdk-swf-libraries\1.11.22\aws-java-sdk-swf-libraries-1.11.22.jar;C:\Users\André Oliveira\.m2\repository\commons-io\commons-io\2.2\commons-io-2.2.jar;C:\Users\André Oliveira\.m2\repository\jakarta\xml\bind\jakarta.xml.bind-api\2.3.2\jakarta.xml.bind-api-2.3.2.jar;C:\Users\André Oliveira\.m2\repository\jakarta\activation\jakarta.activation-api\1.2.2\jakarta.activation-api-1.2.2.jar;C:\Users\André Oliveira\.m2\repository\org\glassfish\jaxb\jaxb-runtime\2.3.2\jaxb-runtime-2.3.2.jar;C:\Users\André Oliveira\.m2\repository\org\glassfish\jaxb\txw2\2.3.5\txw2-2.3.5.jar;C:\Users\André Oliveira\.m2\repository\com\sun\istack\istack-commons-runtime\3.0.8\istack-commons-runtime-3.0.8.jar;C:\Users\André Oliveira\.m2\repository\org\jvnet\staxex\stax-ex\1.8.1\stax-ex-1.8.1.jar;C:\Users\André Oliveira\.m2\repository\com\sun\xml\fastinfoset\FastInfoset\1.2.16\FastInfoset-1.2.16.jar;"/>
    <property name="sun.cpu.endian" value="little"/>
    <property name="user.home" value="C:\Users\André Oliveira"/>
    <property name="user.language" value="pt"/>
    <property name="java.specification.vendor" value="Oracle Corporation"/>
    <property name="java.version.date" value="2021-09-14"/>
    <property name="java.home" value="C:\Program Files\Java\jdk-17"/>
    <property name="file.separator" value="\"/>
    <property name="basedir" value="C:\Users\André Oliveira\Projetos\upload-file\upload-file"/>
    <property name="java.vm.compressedOopsMode" value="Zero based"/>
    <property name="line.separator" value="&#10;"/>
    <property name="java.vm.specification.vendor" value="Oracle Corporation"/>
    <property name="java.specification.name" value="Java Platform API Specification"/>
    <property name="surefire.real.class.path" value="C:\Users\ANDROL~1\AppData\Local\Temp\surefire9315490771718047485\surefirebooter7013688926824571820.jar"/>
    <property name="user.script" value=""/>
    <property name="sun.management.compiler" value="HotSpot 64-Bit Tiered Compilers"/>
    <property name="java.runtime.version" value="17+35-LTS-2724"/>
    <property name="user.name" value="André Oliveira"/>
    <property name="path.separator" value=";"/>
    <property name="os.version" value="10.0"/>
    <property name="java.runtime.name" value="Java(TM) SE Runtime Environment"/>
    <property name="file.encoding" value="Cp1252"/>
    <property name="java.vm.name" value="Java HotSpot(TM) 64-Bit Server VM"/>
    <property name="localRepository" value="C:\Users\André Oliveira\.m2\repository"/>
    <property name="java.vendor.url.bug" value="https://bugreport.java.com/bugreport/"/>
    <property name="java.io.tmpdir" value="C:\Users\ANDROL~1\AppData\Local\Temp\"/>
    <property name="idea.version" value="2021.2.3"/>
    <property name="java.version" value="17"/>
    <property name="user.dir" value="C:\Users\André Oliveira\Projetos\upload-file\upload-file"/>
    <property name="os.arch" value="amd64"/>
    <property name="java.vm.specification.name" value="Java Virtual Machine Specification"/>
    <property name="sun.os.patch.level" value=""/>
    <property name="native.encoding" value="Cp1252"/>
    <property name="java.library.path" value="C:\Program Files\Java\jdk-17\bin;C:\Windows\Sun\Java\bin;C:\Windows\system32;C:\Windows;C:\Program Files\Common Files\Oracle\Java\javapath;C:\Program Files (x86)\Common Files\Oracle\Java\javapath;C:\Windows\system32;C:\Windows;C:\Windows\System32\Wbem;C:\Windows\System32\WindowsPowerShell\v1.0\;C:\Windows\System32\OpenSSH\;C:\Program Files\Git\cmd;C:\Program Files\Amazon\AWSCLIV2\;C:\Program Files\MySQL\MySQL Shell 8.0\bin\;C:\Users\André Oliveira\AppData\Local\Microsoft\WindowsApps;C:\Users\André Oliveira\AppData\Local\Programs\Microsoft VS Code\bin;C:\Program Files\JetBrains\IntelliJ IDEA 2021.2.2\bin;;C:\Users\André Oliveira\AppData\Local\GitHubDesktop\bin;."/>
    <property name="java.vm.info" value="mixed mode, sharing"/>
    <property name="java.vendor" value="Oracle Corporation"/>
    <property name="java.vm.version" value="17+35-LTS-2724"/>
    <property name="sun.io.unicode.encoding" value="UnicodeLittle"/>
    <property name="java.class.version" value="61.0"/>
  </properties>
  <testcase name="contextLoads" classname="com.aco.uploadfile.UploadFileApplicationTests" time="0.353"/>
</testsuite>